This file contains any messages produced by compilers while
running configure, to aid debugging if configure makes a mistake.

It was created by configure, which was
generated by GNU Autoconf 2.69.  Invocation command line was

  $ ./configure --prefix=/opt/sqlcmd/ --with-informixdir=/opt/ifx.sdk.450.fc11/

## --------- ##
## Platform. ##
## --------- ##

hostname = gram2
uname -m = x86_64
uname -r = 6.17.8-300.fc43.x86_64
uname -s = Linux
uname -v = #1 SMP PREEMPT_DYNAMIC Fri Nov 14 01:47:12 UTC 2025

/usr/bin/uname -p = unknown
/bin/uname -X     = unknown

/bin/arch              = x86_64
/usr/bin/arch -k       = unknown
/usr/convex/getsysinfo = unknown
/usr/bin/hostinfo      = unknown
/bin/machine           = unknown
/usr/bin/oslevel       = unknown
/bin/universe          = unknown

PATH: /opt/ifx.sdk.450.fc11/bin
PATH: /home/tristanb/.local/bin
PATH: /home/tristanb/bin
PATH: /home/informix/.deno/bin
PATH: /opt/informix.15.00/server/bin
PATH: /usr/local/go/bin
PATH: /usr/local/bin
PATH: /usr/bin
PATH: /usr/local/sbin
PATH: /usr/sbin
PATH: /opt/informix.15.00/server/jre/bin
PATH: /opt/informix.15.00/csdk/bin
PATH: /opt/sqlcmd/bin
PATH: /var/lib/snapd/snap/bin


## ----------- ##
## Core tests. ##
## ----------- ##

configure:2204: result: Configuring sqlcmd version 90.02
configure:2222: checking for gawk
configure:2238: found /usr/bin/gawk
configure:2249: result: gawk
configure:2308: checking for gcc
configure:2324: found /usr/bin/gcc
configure:2335: result: gcc
configure:2564: checking for C compiler version
configure:2573: gcc --version >&5
gcc (GCC) 15.2.1 20251111 (Red Hat 15.2.1-4)
Copyright (C) 2025 Free Software Foundation, Inc.
This is free software; see the source for copying conditions.  There is NO
warranty; not even for MERCHANTABILITY or FITNESS FOR A PARTICULAR PURPOSE.

configure:2584: $? = 0
configure:2573: gcc -v >&5
Using built-in specs.
COLLECT_GCC=gcc
COLLECT_LTO_WRAPPER=/usr/libexec/gcc/x86_64-redhat-linux/15/lto-wrapper
OFFLOAD_TARGET_NAMES=nvptx-none:amdgcn-amdhsa
OFFLOAD_TARGET_DEFAULT=1
Target: x86_64-redhat-linux
Configured with: ../configure --enable-bootstrap --enable-languages=c,c++,fortran,objc,obj-c++,ada,go,d,m2,cobol,lto --prefix=/usr --mandir=/usr/share/man --infodir=/usr/share/info --with-bugurl=http://bugzilla.redhat.com/bugzilla --enable-shared --enable-threads=posix --enable-checking=release --enable-multilib --with-system-zlib --enable-__cxa_atexit --disable-libunwind-exceptions --enable-gnu-unique-object --enable-linker-build-id --with-gcc-major-version-only --enable-libstdcxx-backtrace --with-libstdcxx-zoneinfo=/usr/share/zoneinfo --with-linker-hash-style=gnu --enable-plugin --enable-initfini-array --with-isl=/builddir/build/BUILD/gcc-15.2.1-build/gcc-15.2.1-20251111/obj-x86_64-redhat-linux/isl-install --enable-offload-targets=nvptx-none,amdgcn-amdhsa --enable-offload-defaulted --without-cuda-driver --enable-gnu-indirect-function --enable-cet --with-tune=generic --with-arch_32=i686 --build=x86_64-redhat-linux --with-build-config=bootstrap-lto --enable-link-serialization=1
Thread model: posix
Supported LTO compression algorithms: zlib zstd
gcc version 15.2.1 20251111 (Red Hat 15.2.1-4) (GCC) 
... rest of stderr output deleted ...
configure:2584: $? = 0
configure:2573: gcc -V >&5
gcc: error: unrecognized command-line option '-V'
gcc: fatal error: no input files
compilation terminated.
configure:2584: $? = 1
configure:2573: gcc -qversion >&5
gcc: error: unrecognized command-line option '-qversion'; did you mean '--version'?
gcc: fatal error: no input files
compilation terminated.
configure:2584: $? = 1
configure:2604: checking whether the C compiler works
configure:2626: gcc -static -O3  -static conftest.c  >&5
configure:2630: $? = 0
configure:2678: result: yes
configure:2681: checking for C compiler default output file name
configure:2683: result: a.out
configure:2689: checking for suffix of executables
configure:2696: gcc -o conftest -static -O3  -static conftest.c  >&5
configure:2700: $? = 0
configure:2722: result: 
configure:2744: checking whether we are cross compiling
configure:2752: gcc -o conftest -static -O3  -static conftest.c  >&5
configure:2756: $? = 0
configure:2763: ./conftest
configure:2767: $? = 0
configure:2782: result: no
configure:2787: checking for suffix of object files
configure:2809: gcc -c -static -O3  conftest.c >&5
configure:2813: $? = 0
configure:2834: result: o
configure:2838: checking whether we are using the GNU C compiler
configure:2857: gcc -c -static -O3  conftest.c >&5
configure:2857: $? = 0
configure:2866: result: yes
configure:2875: checking whether gcc accepts -g
configure:2895: gcc -c -g  conftest.c >&5
configure:2895: $? = 0
configure:2936: result: yes
configure:2953: checking for gcc option to accept ISO C89
configure:3016: gcc  -c -static -O3  conftest.c >&5
conftest.c: In function 'e':
conftest.c:15:14: warning: old-style function definition [-Wold-style-definition]
   15 | static char *e (p, i)
      |              ^
configure:3016: $? = 0
configure:3029: result: none needed
configure:3049: checking for gcc option to accept ISO C99
configure:3198: gcc  -c -static -O3  conftest.c >&5
configure:3198: $? = 0
configure:3211: result: none needed
configure:3269: checking for a BSD-compatible install
configure:3337: result: /usr/bin/install -c
configure:3348: checking whether ln -s works
configure:3352: result: yes
configure:3402: checking for ranlib
configure:3418: found /usr/bin/ranlib
configure:3429: result: ranlib
configure:3455: checking for bison
configure:3471: found /usr/bin/bison
configure:3482: result: bison -y
configure:3496: checking for perl
configure:3512: found /usr/bin/perl
configure:3526: result: no
configure:3538: checking how to run the C preprocessor
configure:3569: gcc -E  conftest.c
configure:3569: $? = 0
configure:3583: gcc -E  conftest.c
conftest.c:9:10: fatal error: ac_nonexistent.h: No such file or directory
    9 | #include <ac_nonexistent.h>
      |          ^~~~~~~~~~~~~~~~~~
compilation terminated.
configure:3583: $? = 1
configure: failed program was:
| /* confdefs.h */
| #define PACKAGE_NAME ""
| #define PACKAGE_TARNAME ""
| #define PACKAGE_VERSION ""
| #define PACKAGE_STRING ""
| #define PACKAGE_BUGREPORT ""
| #define PACKAGE_URL ""
| /* end confdefs.h.  */
| #include <ac_nonexistent.h>
configure:3608: result: gcc -E
configure:3628: gcc -E  conftest.c
configure:3628: $? = 0
configure:3642: gcc -E  conftest.c
conftest.c:9:10: fatal error: ac_nonexistent.h: No such file or directory
    9 | #include <ac_nonexistent.h>
      |          ^~~~~~~~~~~~~~~~~~
compilation terminated.
configure:3642: $? = 1
configure: failed program was:
| /* confdefs.h */
| #define PACKAGE_NAME ""
| #define PACKAGE_TARNAME ""
| #define PACKAGE_VERSION ""
| #define PACKAGE_STRING ""
| #define PACKAGE_BUGREPORT ""
| #define PACKAGE_URL ""
| /* end confdefs.h.  */
| #include <ac_nonexistent.h>
configure:3671: checking for grep that handles long lines and -e
configure:3729: result: /usr/bin/grep
configure:3734: checking for egrep
configure:3796: result: /usr/bin/grep -E
configure:3801: checking for ANSI C header files
configure:3821: gcc -c -static -O3  conftest.c >&5
configure:3821: $? = 0
configure:3894: gcc -o conftest -static -O3  -static conftest.c  >&5
configure:3894: $? = 0
configure:3894: ./conftest
configure:3894: $? = 0
configure:3905: result: yes
configure:3918: checking for sys/types.h
configure:3918: gcc -c -static -O3  conftest.c >&5
configure:3918: $? = 0
configure:3918: result: yes
configure:3918: checking for sys/stat.h
configure:3918: gcc -c -static -O3  conftest.c >&5
configure:3918: $? = 0
configure:3918: result: yes
configure:3918: checking for stdlib.h
configure:3918: gcc -c -static -O3  conftest.c >&5
configure:3918: $? = 0
configure:3918: result: yes
configure:3918: checking for string.h
configure:3918: gcc -c -static -O3  conftest.c >&5
configure:3918: $? = 0
configure:3918: result: yes
configure:3918: checking for memory.h
configure:3918: gcc -c -static -O3  conftest.c >&5
configure:3918: $? = 0
configure:3918: result: yes
configure:3918: checking for strings.h
configure:3918: gcc -c -static -O3  conftest.c >&5
configure:3918: $? = 0
configure:3918: result: yes
configure:3918: checking for inttypes.h
configure:3918: gcc -c -static -O3  conftest.c >&5
configure:3918: $? = 0
configure:3918: result: yes
configure:3918: checking for stdint.h
configure:3918: gcc -c -static -O3  conftest.c >&5
configure:3918: $? = 0
configure:3918: result: yes
configure:3918: checking for unistd.h
configure:3918: gcc -c -static -O3  conftest.c >&5
configure:3918: $? = 0
configure:3918: result: yes
configure:3933: checking sys/time.h usability
configure:3933: gcc -c -static -O3  conftest.c >&5
configure:3933: $? = 0
configure:3933: result: yes
configure:3933: checking sys/time.h presence
configure:3933: gcc -E  conftest.c
configure:3933: $? = 0
configure:3933: result: yes
configure:3933: checking for sys/time.h
configure:3933: result: yes
configure:3933: checking for unistd.h
configure:3933: result: yes
configure:3933: checking search.h usability
configure:3933: gcc -c -static -O3  conftest.c >&5
configure:3933: $? = 0
configure:3933: result: yes
configure:3933: checking search.h presence
configure:3933: gcc -E  conftest.c
configure:3933: $? = 0
configure:3933: result: yes
configure:3933: checking for search.h
configure:3933: result: yes
configure:3933: checking fcntl.h usability
configure:3933: gcc -c -static -O3  conftest.c >&5
configure:3933: $? = 0
configure:3933: result: yes
configure:3933: checking fcntl.h presence
configure:3933: gcc -E  conftest.c
configure:3933: $? = 0
configure:3933: result: yes
configure:3933: checking for fcntl.h
configure:3933: result: yes
configure:3944: checking for an ANSI C-conforming const
configure:4010: gcc -c -static -O3  conftest.c >&5
configure:4010: $? = 0
configure:4017: result: yes
configure:4025: checking for size_t
configure:4025: gcc -c -static -O3  conftest.c >&5
configure:4025: $? = 0
configure:4025: gcc -c -static -O3  conftest.c >&5
conftest.c: In function 'main':
conftest.c:59:21: error: expected expression before ')' token
   59 | if (sizeof ((size_t)))
      |                     ^
configure:4025: $? = 1
configure: failed program was:
| /* confdefs.h */
| #define PACKAGE_NAME ""
| #define PACKAGE_TARNAME ""
| #define PACKAGE_VERSION ""
| #define PACKAGE_STRING ""
| #define PACKAGE_BUGREPORT ""
| #define PACKAGE_URL ""
| #define STDC_HEADERS 1
| #define HAVE_SYS_TYPES_H 1
| #define HAVE_SYS_STAT_H 1
| #define HAVE_STDLIB_H 1
| #define HAVE_STRING_H 1
| #define HAVE_MEMORY_H 1
| #define HAVE_STRINGS_H 1
| #define HAVE_INTTYPES_H 1
| #define HAVE_STDINT_H 1
| #define HAVE_UNISTD_H 1
| #define HAVE_SYS_TIME_H 1
| #define HAVE_UNISTD_H 1
| #define HAVE_SEARCH_H 1
| #define HAVE_FCNTL_H 1
| /* end confdefs.h.  */
| #include <stdio.h>
| #ifdef HAVE_SYS_TYPES_H
| # include <sys/types.h>
| #endif
| #ifdef HAVE_SYS_STAT_H
| # include <sys/stat.h>
| #endif
| #ifdef STDC_HEADERS
| # include <stdlib.h>
| # include <stddef.h>
| #else
| # ifdef HAVE_STDLIB_H
| #  include <stdlib.h>
| # endif
| #endif
| #ifdef HAVE_STRING_H
| # if !defined STDC_HEADERS && defined HAVE_MEMORY_H
| #  include <memory.h>
| # endif
| # include <string.h>
| #endif
| #ifdef HAVE_STRINGS_H
| # include <strings.h>
| #endif
| #ifdef HAVE_INTTYPES_H
| # include <inttypes.h>
| #endif
| #ifdef HAVE_STDINT_H
| # include <stdint.h>
| #endif
| #ifdef HAVE_UNISTD_H
| # include <unistd.h>
| #endif
| int
| main ()
| {
| if (sizeof ((size_t)))
| 	    return 0;
|   ;
|   return 0;
| }
configure:4025: result: yes
configure:4036: checking for mode_t
configure:4036: gcc -c -static -O3  conftest.c >&5
configure:4036: $? = 0
configure:4036: gcc -c -static -O3  conftest.c >&5
conftest.c: In function 'main':
conftest.c:59:21: error: expected expression before ')' token
   59 | if (sizeof ((mode_t)))
      |                     ^
configure:4036: $? = 1
configure: failed program was:
| /* confdefs.h */
| #define PACKAGE_NAME ""
| #define PACKAGE_TARNAME ""
| #define PACKAGE_VERSION ""
| #define PACKAGE_STRING ""
| #define PACKAGE_BUGREPORT ""
| #define PACKAGE_URL ""
| #define STDC_HEADERS 1
| #define HAVE_SYS_TYPES_H 1
| #define HAVE_SYS_STAT_H 1
| #define HAVE_STDLIB_H 1
| #define HAVE_STRING_H 1
| #define HAVE_MEMORY_H 1
| #define HAVE_STRINGS_H 1
| #define HAVE_INTTYPES_H 1
| #define HAVE_STDINT_H 1
| #define HAVE_UNISTD_H 1
| #define HAVE_SYS_TIME_H 1
| #define HAVE_UNISTD_H 1
| #define HAVE_SEARCH_H 1
| #define HAVE_FCNTL_H 1
| /* end confdefs.h.  */
| #include <stdio.h>
| #ifdef HAVE_SYS_TYPES_H
| # include <sys/types.h>
| #endif
| #ifdef HAVE_SYS_STAT_H
| # include <sys/stat.h>
| #endif
| #ifdef STDC_HEADERS
| # include <stdlib.h>
| # include <stddef.h>
| #else
| # ifdef HAVE_STDLIB_H
| #  include <stdlib.h>
| # endif
| #endif
| #ifdef HAVE_STRING_H
| # if !defined STDC_HEADERS && defined HAVE_MEMORY_H
| #  include <memory.h>
| # endif
| # include <string.h>
| #endif
| #ifdef HAVE_STRINGS_H
| # include <strings.h>
| #endif
| #ifdef HAVE_INTTYPES_H
| # include <inttypes.h>
| #endif
| #ifdef HAVE_STDINT_H
| # include <stdint.h>
| #endif
| #ifdef HAVE_UNISTD_H
| # include <unistd.h>
| #endif
| int
| main ()
| {
| if (sizeof ((mode_t)))
| 	    return 0;
|   ;
|   return 0;
| }
configure:4036: result: yes
configure:4048: checking for uintptr_t
configure:4048: gcc -c -static -O3  conftest.c >&5
configure:4048: $? = 0
configure:4048: gcc -c -static -O3  conftest.c >&5
conftest.c: In function 'main':
conftest.c:59:24: error: expected expression before ')' token
   59 | if (sizeof ((uintptr_t)))
      |                        ^
configure:4048: $? = 1
configure: failed program was:
| /* confdefs.h */
| #define PACKAGE_NAME ""
| #define PACKAGE_TARNAME ""
| #define PACKAGE_VERSION ""
| #define PACKAGE_STRING ""
| #define PACKAGE_BUGREPORT ""
| #define PACKAGE_URL ""
| #define STDC_HEADERS 1
| #define HAVE_SYS_TYPES_H 1
| #define HAVE_SYS_STAT_H 1
| #define HAVE_STDLIB_H 1
| #define HAVE_STRING_H 1
| #define HAVE_MEMORY_H 1
| #define HAVE_STRINGS_H 1
| #define HAVE_INTTYPES_H 1
| #define HAVE_STDINT_H 1
| #define HAVE_UNISTD_H 1
| #define HAVE_SYS_TIME_H 1
| #define HAVE_UNISTD_H 1
| #define HAVE_SEARCH_H 1
| #define HAVE_FCNTL_H 1
| /* end confdefs.h.  */
| #include <stdio.h>
| #ifdef HAVE_SYS_TYPES_H
| # include <sys/types.h>
| #endif
| #ifdef HAVE_SYS_STAT_H
| # include <sys/stat.h>
| #endif
| #ifdef STDC_HEADERS
| # include <stdlib.h>
| # include <stddef.h>
| #else
| # ifdef HAVE_STDLIB_H
| #  include <stdlib.h>
| # endif
| #endif
| #ifdef HAVE_STRING_H
| # if !defined STDC_HEADERS && defined HAVE_MEMORY_H
| #  include <memory.h>
| # endif
| # include <string.h>
| #endif
| #ifdef HAVE_STRINGS_H
| # include <strings.h>
| #endif
| #ifdef HAVE_INTTYPES_H
| # include <inttypes.h>
| #endif
| #ifdef HAVE_STDINT_H
| # include <stdint.h>
| #endif
| #ifdef HAVE_UNISTD_H
| # include <unistd.h>
| #endif
| int
| main ()
| {
| if (sizeof ((uintptr_t)))
| 	    return 0;
|   ;
|   return 0;
| }
configure:4048: result: yes
configure:4084: checking whether time.h and sys/time.h may both be included
configure:4104: gcc -c -static -O3  conftest.c >&5
configure:4104: $? = 0
configure:4111: result: yes
configure:4119: checking whether struct tm is in sys/time.h or time.h
configure:4139: gcc -c -static -O3  conftest.c >&5
configure:4139: $? = 0
configure:4146: result: time.h
configure:4158: checking for strftime
configure:4158: gcc -o conftest -static -O3  -static conftest.c  >&5
conftest.c:48:6: warning: conflicting types for built-in function 'strftime'; expected 'long unsigned int(char *, long unsigned int,  const char *, const void *)' [-Wbuiltin-declaration-mismatch]
   48 | char strftime ();
      |      ^~~~~~~~
conftest.c:36:1: note: 'strftime' is declared in header '<time.h>'
   35 | # include <limits.h>
   36 | #else
configure:4158: $? = 0
configure:4158: result: yes
configure:4213: checking for vprintf
configure:4213: gcc -o conftest -static -O3  -static conftest.c  >&5
conftest.c:49:6: warning: conflicting types for built-in function 'vprintf'; expected 'int(const char *, __va_list_tag *)' [-Wbuiltin-declaration-mismatch]
   49 | char vprintf ();
      |      ^~~~~~~
conftest.c:37:1: note: 'vprintf' is declared in header '<stdio.h>'
   36 | # include <limits.h>
   37 | #else
configure:4213: $? = 0
configure:4213: result: yes
configure:4219: checking for _doprnt
configure:4219: gcc -o conftest -static -O3  -static conftest.c  >&5
/usr/bin/ld: /tmp/ccl8OFzS.o: in function `main':
conftest.c:(.text.startup+0x5): undefined reference to `_doprnt'
collect2: error: ld returned 1 exit status
configure:4219: $? = 1
configure: failed program was:
| /* confdefs.h */
| #define PACKAGE_NAME ""
| #define PACKAGE_TARNAME ""
| #define PACKAGE_VERSION ""
| #define PACKAGE_STRING ""
| #define PACKAGE_BUGREPORT ""
| #define PACKAGE_URL ""
| #define STDC_HEADERS 1
| #define HAVE_SYS_TYPES_H 1
| #define HAVE_SYS_STAT_H 1
| #define HAVE_STDLIB_H 1
| #define HAVE_STRING_H 1
| #define HAVE_MEMORY_H 1
| #define HAVE_STRINGS_H 1
| #define HAVE_INTTYPES_H 1
| #define HAVE_STDINT_H 1
| #define HAVE_UNISTD_H 1
| #define HAVE_SYS_TIME_H 1
| #define HAVE_UNISTD_H 1
| #define HAVE_SEARCH_H 1
| #define HAVE_FCNTL_H 1
| #define HAVE_UINTPTR_T 1
| #define TIME_WITH_SYS_TIME 1
| #define HAVE_STRFTIME 1
| #define HAVE_VPRINTF 1
| /* end confdefs.h.  */
| /* Define _doprnt to an innocuous variant, in case <limits.h> declares _doprnt.
|    For example, HP-UX 11i <limits.h> declares gettimeofday.  */
| #define _doprnt innocuous__doprnt
| 
| /* System header to define __stub macros and hopefully few prototypes,
|     which can conflict with char _doprnt (); below.
|     Prefer <limits.h> to <assert.h> if __STDC__ is defined, since
|     <limits.h> exists even on freestanding compilers.  */
| 
| #ifdef __STDC__
| # include <limits.h>
| #else
| # include <assert.h>
| #endif
| 
| #undef _doprnt
| 
| /* Override any GCC internal prototype to avoid an error.
|    Use char because int might match the return type of a GCC
|    builtin and then its argument prototype would still apply.  */
| #ifdef __cplusplus
| extern "C"
| #endif
| char _doprnt ();
| /* The GNU C library defines this for functions which it implements
|     to always fail with ENOSYS.  Some functions are actually named
|     something starting with __ and the normal name is an alias.  */
| #if defined __stub__doprnt || defined __stub____doprnt
| choke me
| #endif
| 
| int
| main ()
| {
| return _doprnt ();
|   ;
|   return 0;
| }
configure:4219: result: no
configure:4233: checking for fcntl
configure:4233: gcc -o conftest -static -O3  -static conftest.c  >&5
configure:4233: $? = 0
configure:4233: result: yes
configure:4233: checking for isatty
configure:4233: gcc -o conftest -static -O3  -static conftest.c  >&5
configure:4233: $? = 0
configure:4233: result: yes
configure:4233: checking for lfind
configure:4233: gcc -o conftest -static -O3  -static conftest.c  >&5
configure:4233: $? = 0
configure:4233: result: yes
configure:4233: checking for memmove
configure:4233: gcc -o conftest -static -O3  -static conftest.c  >&5
conftest.c:53:6: warning: conflicting types for built-in function 'memmove'; expected 'void *(void *, const void *, long unsigned int)' [-Wbuiltin-declaration-mismatch]
   53 | char memmove ();
      |      ^~~~~~~
conftest.c:41:1: note: 'memmove' is declared in header '<string.h>'
   40 | # include <limits.h>
   41 | #else
configure:4233: $? = 0
configure:4233: result: yes
configure:4233: checking for mkfifo
configure:4233: gcc -o conftest -static -O3  -static conftest.c  >&5
configure:4233: $? = 0
configure:4233: result: yes
configure:4233: checking for sigaction
configure:4233: gcc -o conftest -static -O3  -static conftest.c  >&5
configure:4233: $? = 0
configure:4233: result: yes
configure:4233: checking for siglongjmp
configure:4233: gcc -o conftest -static -O3  -static conftest.c  >&5
configure:4233: $? = 0
configure:4233: result: yes
configure:4245: checking for sleep
configure:4245: gcc -o conftest -static -O3  -static conftest.c  >&5
configure:4245: $? = 0
configure:4245: result: yes
configure:4245: checking for snprintf
configure:4245: gcc -o conftest -static -O3  -static conftest.c  >&5
conftest.c:58:6: warning: conflicting types for built-in function 'snprintf'; expected 'int(char *, long unsigned int,  const char *, ...)' [-Wbuiltin-declaration-mismatch]
   58 | char snprintf ();
      |      ^~~~~~~~
conftest.c:46:1: note: 'snprintf' is declared in header '<stdio.h>'
   45 | # include <limits.h>
   46 | #else
configure:4245: $? = 0
configure:4245: result: yes
configure:4245: checking for strerror
configure:4245: gcc -o conftest -static -O3  -static conftest.c  >&5
configure:4245: $? = 0
configure:4245: result: yes
configure:4245: checking for strftime
configure:4245: result: yes
configure:4245: checking for strtod
configure:4245: gcc -o conftest -static -O3  -static conftest.c  >&5
configure:4245: $? = 0
configure:4245: result: yes
configure:4245: checking for strtol
configure:4245: gcc -o conftest -static -O3  -static conftest.c  >&5
configure:4245: $? = 0
configure:4245: result: yes
configure:4245: checking for vprintf
configure:4245: result: yes
configure:4257: checking for clock_nanosleep
configure:4257: gcc -o conftest -static -O3  -static conftest.c  >&5
configure:4257: $? = 0
configure:4257: result: yes
configure:4257: checking for nanosleep
configure:4257: gcc -o conftest -static -O3  -static conftest.c  >&5
configure:4257: $? = 0
configure:4257: result: yes
configure:4257: checking for usleep
configure:4257: gcc -o conftest -static -O3  -static conftest.c  >&5
configure:4257: $? = 0
configure:4257: result: yes
configure:4269: checking for getopt
configure:4269: gcc -o conftest -static -O3  -static conftest.c  >&5
configure:4269: $? = 0
configure:4269: result: yes
configure:4269: checking for getsubopt
configure:4269: gcc -o conftest -static -O3  -static conftest.c  >&5
configure:4269: $? = 0
configure:4269: result: yes
configure:4269: checking for popen
configure:4269: gcc -o conftest -static -O3  -static conftest.c  >&5
configure:4269: $? = 0
configure:4269: result: yes
configure:4269: checking for vsnprintf
configure:4269: gcc -o conftest -static -O3  -static conftest.c  >&5
conftest.c:70:6: warning: conflicting types for built-in function 'vsnprintf'; expected 'int(char *, long unsigned int,  const char *, __va_list_tag *)' [-Wbuiltin-declaration-mismatch]
   70 | char vsnprintf ();
      |      ^~~~~~~~~
conftest.c:58:1: note: 'vsnprintf' is declared in header '<stdio.h>'
   57 | # include <limits.h>
   58 | #else
configure:4269: $? = 0
configure:4269: result: yes
configure:4269: checking for mkstemp
configure:4269: gcc -o conftest -static -O3  -static conftest.c  >&5
configure:4269: $? = 0
configure:4269: result: yes
configure:4269: checking for memmem
configure:4269: gcc -o conftest -static -O3  -static conftest.c  >&5
configure:4269: $? = 0
configure:4269: result: yes
configure:4285: checking for special C compiler options needed for large files
configure:4330: result: no
configure:4336: checking for _FILE_OFFSET_BITS value needed for large files
configure:4361: gcc -c -static -O3  conftest.c >&5
configure:4361: $? = 0
configure:4393: result: no
configure:4490: checking for main in -lreadline
configure:4509: gcc -o conftest -static -O3  -static conftest.c -lreadline -lncurses -ltinfo  >&5
configure:4509: $? = 0
configure:4518: result: yes
configure:4540: checking readline/readline.h usability
configure:4540: gcc -c -static -O3  conftest.c >&5
configure:4540: $? = 0
configure:4540: result: yes
configure:4540: checking readline/readline.h presence
configure:4540: gcc -E  conftest.c
configure:4540: $? = 0
configure:4540: result: yes
configure:4540: checking for readline/readline.h
configure:4540: result: yes
configure:4552: checking for /dev/stdin, /dev/stdout, /dev/stderr
configure:4572: result: yes
configure:4584: checking for INFORMIXDIR
configure:4605: result: /opt/ifx.sdk.450.fc11/
configure:4616: checking for ESQL/C compiler and version
configure:4633: result: compiler esql (version 450)
configure:4638: checking for 32-bit vs 64-bit ESQL/C
configure:4656: result: 64 bits
configure:4670: checking ESQL/C compiler works
configure:4681: result: OK
configure:4687: checking ESQL/C Features
configure:4775: result: esqlinfo.h unchanged
configure:4845: checking special C compiler flags for ESQL/C
configure:4852: result: no
configure:4863: checking for ESQL/C header directory
configure:4876: result: /opt/ifx.sdk.450.fc11//incl/esql
configure:4885: checking for ESQL/C varchar.h header
configure:4892: result: yes
configure:4930: checking build system type
configure:4944: result: x86_64-unknown-linux-gnu
configure:4964: checking host system type
configure:4977: result: x86_64-unknown-linux-gnu
configure:4997: checking target system type
configure:5010: result: x86_64-unknown-linux-gnu
configure:5038: checking for loc_t problems on AIX
configure:5050: result: no, thank goodness!
configure:5070: checking for clock_gettime in -lposix4
configure:5095: gcc -o conftest -static -O3  -static conftest.c -lposix4   >&5
/usr/bin/ld: cannot find -lposix4: No such file or directory
/usr/bin/ld: have you installed the static version of the posix4 library ?
collect2: error: ld returned 1 exit status
configure:5095: $? = 1
configure: failed program was:
| /* confdefs.h */
| #define PACKAGE_NAME ""
| #define PACKAGE_TARNAME ""
| #define PACKAGE_VERSION ""
| #define PACKAGE_STRING ""
| #define PACKAGE_BUGREPORT ""
| #define PACKAGE_URL ""
| #define STDC_HEADERS 1
| #define HAVE_SYS_TYPES_H 1
| #define HAVE_SYS_STAT_H 1
| #define HAVE_STDLIB_H 1
| #define HAVE_STRING_H 1
| #define HAVE_MEMORY_H 1
| #define HAVE_STRINGS_H 1
| #define HAVE_INTTYPES_H 1
| #define HAVE_STDINT_H 1
| #define HAVE_UNISTD_H 1
| #define HAVE_SYS_TIME_H 1
| #define HAVE_UNISTD_H 1
| #define HAVE_SEARCH_H 1
| #define HAVE_FCNTL_H 1
| #define HAVE_UINTPTR_T 1
| #define TIME_WITH_SYS_TIME 1
| #define HAVE_STRFTIME 1
| #define HAVE_VPRINTF 1
| #define HAVE_FCNTL 1
| #define HAVE_ISATTY 1
| #define HAVE_LFIND 1
| #define HAVE_MEMMOVE 1
| #define HAVE_MKFIFO 1
| #define HAVE_SIGACTION 1
| #define HAVE_SIGLONGJMP 1
| #define HAVE_SLEEP 1
| #define HAVE_SNPRINTF 1
| #define HAVE_STRERROR 1
| #define HAVE_STRFTIME 1
| #define HAVE_STRTOD 1
| #define HAVE_STRTOL 1
| #define HAVE_VPRINTF 1
| #define HAVE_CLOCK_NANOSLEEP 1
| #define HAVE_NANOSLEEP 1
| #define HAVE_USLEEP 1
| #define HAVE_GETOPT 1
| #define HAVE_GETSUBOPT 1
| #define HAVE_POPEN 1
| #define HAVE_VSNPRINTF 1
| #define HAVE_MKSTEMP 1
| #define HAVE_MEMMEM 1
| #define HAVE_LIBREADLINE 1
| #define HAVE_READLINE_READLINE_H 1
| #define HAVE_DEV_STDIN 1
| #define ESQLC_BITS 64
| #define ESQLC_STORED_PROCEDURES 1
| #define ESQLC_VARIABLE_CURSORS 1
| #define ESQLC_CONNECT 1
| #define ESQLC_SQLSTATE 1
| #define ESQLC_RGETLMSG 1
| #define ESQLC_CONNECT_DORMANT 1
| #define ESQLC_IUSTYPES 1
| #define ESQLC_BIGINT 1
| #define ESQLC_TRUSTED_CONTEXT 1
| #define ESQLC_IFX_LOC_T 1
| #define HAVE_VARCHAR_H 1
| /* end confdefs.h.  */
| 
| /* Override any GCC internal prototype to avoid an error.
|    Use char because int might match the return type of a GCC
|    builtin and then its argument prototype would still apply.  */
| #ifdef __cplusplus
| extern "C"
| #endif
| char clock_gettime ();
| int
| main ()
| {
| return clock_gettime ();
|   ;
|   return 0;
| }
configure:5104: result: no
configure:5115: result: checking for fine-resolution timing
configure:5121: checking for clock_gettime
configure:5121: gcc -o conftest -static -O3  -static conftest.c  >&5
configure:5121: $? = 0
configure:5121: result: yes
configure:5130: result: Fine-resolution timing will use POSIX.4 clock_gettime()
configure:5363: creating ./config.status

## ---------------------- ##
## Running config.status. ##
## ---------------------- ##

This file was extended by config.status, which was
generated by GNU Autoconf 2.69.  Invocation command line was

  CONFIG_FILES    = 
  CONFIG_HEADERS  = 
  CONFIG_LINKS    = 
  CONFIG_COMMANDS = 
  $ ./config.status 

on gram2

config.status:882: creating Makefile
config.status:882: creating sqlcmd.ins
config.status:882: creating selmultiblob.mk
config.status:882: creating config.h
config.status:1057: config.h is unchanged

## ---------------- ##
## Cache variables. ##
## ---------------- ##

ac_cv_build=x86_64-unknown-linux-gnu
ac_cv_c_compiler_gnu=yes
ac_cv_c_const=yes
ac_cv_dev_stdin=yes
ac_cv_env_CC_set=
ac_cv_env_CC_value=
ac_cv_env_CFLAGS_set=set
ac_cv_env_CFLAGS_value='-static -O3'
ac_cv_env_CPPFLAGS_set=
ac_cv_env_CPPFLAGS_value=
ac_cv_env_CPP_set=
ac_cv_env_CPP_value=
ac_cv_env_LDFLAGS_set=set
ac_cv_env_LDFLAGS_value=-static
ac_cv_env_LIBS_set=
ac_cv_env_LIBS_value=
ac_cv_env_YACC_set=
ac_cv_env_YACC_value=
ac_cv_env_YFLAGS_set=
ac_cv_env_YFLAGS_value=
ac_cv_env_build_alias_set=
ac_cv_env_build_alias_value=
ac_cv_env_host_alias_set=
ac_cv_env_host_alias_value=
ac_cv_env_target_alias_set=
ac_cv_env_target_alias_value=
ac_cv_func__doprnt=no
ac_cv_func_clock_gettime=yes
ac_cv_func_clock_nanosleep=yes
ac_cv_func_fcntl=yes
ac_cv_func_getopt=yes
ac_cv_func_getsubopt=yes
ac_cv_func_isatty=yes
ac_cv_func_lfind=yes
ac_cv_func_memmem=yes
ac_cv_func_memmove=yes
ac_cv_func_mkfifo=yes
ac_cv_func_mkstemp=yes
ac_cv_func_nanosleep=yes
ac_cv_func_popen=yes
ac_cv_func_sigaction=yes
ac_cv_func_siglongjmp=yes
ac_cv_func_sleep=yes
ac_cv_func_snprintf=yes
ac_cv_func_strerror=yes
ac_cv_func_strftime=yes
ac_cv_func_strtod=yes
ac_cv_func_strtol=yes
ac_cv_func_usleep=yes
ac_cv_func_vprintf=yes
ac_cv_func_vsnprintf=yes
ac_cv_header_fcntl_h=yes
ac_cv_header_inttypes_h=yes
ac_cv_header_memory_h=yes
ac_cv_header_readline_readline_h=yes
ac_cv_header_search_h=yes
ac_cv_header_stdc=yes
ac_cv_header_stdint_h=yes
ac_cv_header_stdlib_h=yes
ac_cv_header_string_h=yes
ac_cv_header_strings_h=yes
ac_cv_header_sys_stat_h=yes
ac_cv_header_sys_time_h=yes
ac_cv_header_sys_types_h=yes
ac_cv_header_time=yes
ac_cv_header_unistd_h=yes
ac_cv_host=x86_64-unknown-linux-gnu
ac_cv_lib_posix4_clock_gettime=no
ac_cv_lib_readline_main=yes
ac_cv_objext=o
ac_cv_path_EGREP='/usr/bin/grep -E'
ac_cv_path_GREP=/usr/bin/grep
ac_cv_path_install='/usr/bin/install -c'
ac_cv_prog_AWK=gawk
ac_cv_prog_CPP='gcc -E'
ac_cv_prog_PERL=
ac_cv_prog_YACC='bison -y'
ac_cv_prog_ac_ct_CC=gcc
ac_cv_prog_ac_ct_RANLIB=ranlib
ac_cv_prog_cc_c89=
ac_cv_prog_cc_c99=
ac_cv_prog_cc_g=yes
ac_cv_struct_tm=time.h
ac_cv_sys_file_offset_bits=no
ac_cv_sys_largefile_CC=no
ac_cv_target=x86_64-unknown-linux-gnu
ac_cv_type_mode_t=yes
ac_cv_type_size_t=yes
ac_cv_type_uintptr_t=yes

## ----------------- ##
## Output variables. ##
## ----------------- ##

AWK='gawk'
CC='gcc'
CFLAGS='-static -O3'
CPP='gcc -E'
CPPFLAGS=''
DEFS='-DHAVE_CONFIG_H'
ECHO_C=''
ECHO_N='-n'
ECHO_T=''
EGREP='/usr/bin/grep -E'
ESQLC_AIXLOCT=''
ESQLC_AIX_ARFLAGS=''
ESQLC_CCFLAGS=''
ESQLC_COMMAND='esql'
ESQLC_INCLDIR='/opt/ifx.sdk.450.fc11//incl/esql'
ESQLC_VERSION='450'
ESQLC_VERTEXT='IBM Informix CSDK Version 4.50, IBM Informix-ESQL Version 4.50.FC11'
EXEEXT=''
GREP='/usr/bin/grep'
INFORMIXDIR='/opt/ifx.sdk.450.fc11/'
INSTALL_DATA='${INSTALL} -m 644'
INSTALL_PROGRAM='${INSTALL}'
INSTALL_SCRIPT='${INSTALL}'
LDFLAGS='-static'
LIBOBJS=''
LIBREADLINE='-lreadline -lncurses -ltinfo'
LIBS=''
LN_S='ln -s'
LTLIBOBJS=''
MISSING_OBJECTS=''
OBJEXT='o'
PACKAGE='sqlcmd'
PACKAGE_BUGREPORT=''
PACKAGE_NAME=''
PACKAGE_STRING=''
PACKAGE_TARNAME=''
PACKAGE_URL=''
PACKAGE_VERSION=''
PATH_SEPARATOR=':'
PERL=''
RANLIB='ranlib'
SHELL='/bin/sh'
VERSION='90.02'
YACC='bison -y'
YFLAGS=''
ac_ct_CC='gcc'
bindir='${exec_prefix}/bin'
build='x86_64-unknown-linux-gnu'
build_alias=''
build_cpu='x86_64'
build_os='linux-gnu'
build_vendor='unknown'
datadir='${datarootdir}'
datarootdir='${prefix}/share'
docdir='${datarootdir}/doc/${PACKAGE}'
dvidir='${docdir}'
exec_prefix='${prefix}'
host='x86_64-unknown-linux-gnu'
host_alias=''
host_cpu='x86_64'
host_os='linux-gnu'
host_vendor='unknown'
htmldir='${docdir}'
includedir='${prefix}/include'
infodir='${datarootdir}/info'
libdir='${exec_prefix}/lib'
libexecdir='${exec_prefix}/libexec'
localedir='${datarootdir}/locale'
localstatedir='${prefix}/var'
mandir='${datarootdir}/man'
oldincludedir='/usr/include'
patch=''
pdfdir='${docdir}'
prefix='/opt/sqlcmd'
program_transform_name='s,x,x,'
psdir='${docdir}'
sbindir='${exec_prefix}/sbin'
sharedstatedir='${prefix}/com'
sysconfdir='${prefix}/etc'
target='x86_64-unknown-linux-gnu'
target_alias=''
target_cpu='x86_64'
target_os='linux-gnu'
target_vendor='unknown'

## ----------- ##
## confdefs.h. ##
## ----------- ##

/* confdefs.h */
#define PACKAGE_NAME ""
#define PACKAGE_TARNAME ""
#define PACKAGE_VERSION ""
#define PACKAGE_STRING ""
#define PACKAGE_BUGREPORT ""
#define PACKAGE_URL ""
#define STDC_HEADERS 1
#define HAVE_SYS_TYPES_H 1
#define HAVE_SYS_STAT_H 1
#define HAVE_STDLIB_H 1
#define HAVE_STRING_H 1
#define HAVE_MEMORY_H 1
#define HAVE_STRINGS_H 1
#define HAVE_INTTYPES_H 1
#define HAVE_STDINT_H 1
#define HAVE_UNISTD_H 1
#define HAVE_SYS_TIME_H 1
#define HAVE_UNISTD_H 1
#define HAVE_SEARCH_H 1
#define HAVE_FCNTL_H 1
#define HAVE_UINTPTR_T 1
#define TIME_WITH_SYS_TIME 1
#define HAVE_STRFTIME 1
#define HAVE_VPRINTF 1
#define HAVE_FCNTL 1
#define HAVE_ISATTY 1
#define HAVE_LFIND 1
#define HAVE_MEMMOVE 1
#define HAVE_MKFIFO 1
#define HAVE_SIGACTION 1
#define HAVE_SIGLONGJMP 1
#define HAVE_SLEEP 1
#define HAVE_SNPRINTF 1
#define HAVE_STRERROR 1
#define HAVE_STRFTIME 1
#define HAVE_STRTOD 1
#define HAVE_STRTOL 1
#define HAVE_VPRINTF 1
#define HAVE_CLOCK_NANOSLEEP 1
#define HAVE_NANOSLEEP 1
#define HAVE_USLEEP 1
#define HAVE_GETOPT 1
#define HAVE_GETSUBOPT 1
#define HAVE_POPEN 1
#define HAVE_VSNPRINTF 1
#define HAVE_MKSTEMP 1
#define HAVE_MEMMEM 1
#define HAVE_LIBREADLINE 1
#define HAVE_READLINE_READLINE_H 1
#define HAVE_DEV_STDIN 1
#define ESQLC_BITS 64
#define ESQLC_STORED_PROCEDURES 1
#define ESQLC_VARIABLE_CURSORS 1
#define ESQLC_CONNECT 1
#define ESQLC_SQLSTATE 1
#define ESQLC_RGETLMSG 1
#define ESQLC_CONNECT_DORMANT 1
#define ESQLC_IUSTYPES 1
#define ESQLC_BIGINT 1
#define ESQLC_TRUSTED_CONTEXT 1
#define ESQLC_IFX_LOC_T 1
#define HAVE_VARCHAR_H 1
#define HAVE_CLOCK_GETTIME 1

configure: exit 0
